<?xml version="1.0" encoding="UTF-8"?>
<testsuite name="com.sseung.springsample.springboot.com.sseung.springsample.web.PostsApiContollerTest" tests="1" skipped="0" failures="0" errors="0" timestamp="2023-01-16T12:28:22" hostname="DESKTOP-A1G72P3" time="1.715">
  <properties/>
  <testcase name="Posts_수정된다" classname="com.sseung.springsample.springboot.com.sseung.springsample.web.PostsApiContollerTest" time="1.715"/>
  <system-out><![CDATA[21:28:08.841 [Test worker] DEBUG org.springframework.test.annotation.ProfileValueUtils - Retrieved @ProfileValueSourceConfiguration [null] for test class [com.sseung.springsample.springboot.com.sseung.springsample.web.PostsApiContollerTest]
21:28:08.842 [Test worker] DEBUG org.springframework.test.annotation.ProfileValueUtils - Retrieved ProfileValueSource type [class org.springframework.test.annotation.SystemProfileValueSource] for class [com.sseung.springsample.springboot.com.sseung.springsample.web.PostsApiContollerTest]
21:28:08.844 [Test worker] DEBUG org.springframework.test.annotation.ProfileValueUtils - Retrieved @ProfileValueSourceConfiguration [null] for test class [com.sseung.springsample.springboot.com.sseung.springsample.web.PostsApiContollerTest]
21:28:08.845 [Test worker] DEBUG org.springframework.test.annotation.ProfileValueUtils - Retrieved ProfileValueSource type [class org.springframework.test.annotation.SystemProfileValueSource] for class [com.sseung.springsample.springboot.com.sseung.springsample.web.PostsApiContollerTest]
21:28:08.855 [Test worker] DEBUG org.springframework.test.context.support.AbstractDirtiesContextTestExecutionListener - Before test class: context [DefaultTestContext@2b448f12 testClass = PostsApiContollerTest, testInstance = [null], testMethod = [null], testException = [null], mergedContextConfiguration = [WebMergedContextConfiguration@517da62d testClass = PostsApiContollerTest, locations = '{}', classes = '{class com.sseung.springsample.springboot.com.sseung.springsample.Application}', contextInitializerClasses = '[]', activeProfiles = '{}', propertySourceLocations = '{}', propertySourceProperties = '{org.springframework.boot.test.context.SpringBootTestContextBootstrapper=true, server.port=0}', contextCustomizers = set[org.springframework.boot.test.autoconfigure.properties.PropertyMappingContextCustomizer@0, org.springframework.boot.test.autoconfigure.web.servlet.WebDriverContextCustomizerFactory$Customizer@1aa0c707, org.springframework.boot.test.context.filter.ExcludeFilterContextCustomizer@1e707fbf, org.springframework.boot.test.json.DuplicateJsonObjectContextCustomizerFactory$DuplicateJsonObjectContextCustomizer@7aefedb8, org.springframework.boot.test.mock.mockito.MockitoContextCustomizer@0, org.springframework.boot.test.web.client.TestRestTemplateContextCustomizer@37e6a78f], resourceBasePath = 'src/main/webapp', contextLoader = 'org.springframework.boot.test.context.SpringBootContextLoader', parent = [null]], attributes = map['org.springframework.test.context.web.ServletTestExecutionListener.activateListener' -> false]], class annotated with @DirtiesContext [false] with mode [null].
21:28:08.858 [Test worker] DEBUG org.springframework.test.annotation.ProfileValueUtils - Retrieved @ProfileValueSourceConfiguration [null] for test class [com.sseung.springsample.springboot.com.sseung.springsample.web.PostsApiContollerTest]
21:28:08.859 [Test worker] DEBUG org.springframework.test.annotation.ProfileValueUtils - Retrieved ProfileValueSource type [class org.springframework.test.annotation.SystemProfileValueSource] for class [com.sseung.springsample.springboot.com.sseung.springsample.web.PostsApiContollerTest]
21:28:08.870 [Test worker] DEBUG org.springframework.test.context.support.DependencyInjectionTestExecutionListener - Performing dependency injection for test context [[DefaultTestContext@2b448f12 testClass = PostsApiContollerTest, testInstance = com.sseung.springsample.springboot.com.sseung.springsample.web.PostsApiContollerTest@1ceebb95, testMethod = [null], testException = [null], mergedContextConfiguration = [WebMergedContextConfiguration@517da62d testClass = PostsApiContollerTest, locations = '{}', classes = '{class com.sseung.springsample.springboot.com.sseung.springsample.Application}', contextInitializerClasses = '[]', activeProfiles = '{}', propertySourceLocations = '{}', propertySourceProperties = '{org.springframework.boot.test.context.SpringBootTestContextBootstrapper=true, server.port=0}', contextCustomizers = set[org.springframework.boot.test.autoconfigure.properties.PropertyMappingContextCustomizer@0, org.springframework.boot.test.autoconfigure.web.servlet.WebDriverContextCustomizerFactory$Customizer@1aa0c707, org.springframework.boot.test.context.filter.ExcludeFilterContextCustomizer@1e707fbf, org.springframework.boot.test.json.DuplicateJsonObjectContextCustomizerFactory$DuplicateJsonObjectContextCustomizer@7aefedb8, org.springframework.boot.test.mock.mockito.MockitoContextCustomizer@0, org.springframework.boot.test.web.client.TestRestTemplateContextCustomizer@37e6a78f], resourceBasePath = 'src/main/webapp', contextLoader = 'org.springframework.boot.test.context.SpringBootContextLoader', parent = [null]], attributes = map['org.springframework.test.context.web.ServletTestExecutionListener.activateListener' -> false]]].
21:28:08.921 [Test worker] DEBUG org.springframework.test.context.support.TestPropertySourceUtils - Adding inlined properties to environment: {spring.jmx.enabled=false, org.springframework.boot.test.context.SpringBootTestContextBootstrapper=true, server.port=0}

  .   ____          _            __ _ _
 /\\ / ___'_ __ _ _(_)_ __  __ _ \ \ \ \
( ( )\___ | '_ | '_| | '_ \/ _` | \ \ \ \
 \\/  ___)| |_)| | | | | || (_| |  ) ) ) )
  '  |____| .__|_| |_|_| |_\__, | / / / /
 =========|_|==============|___/=/_/_/_/
 :: Spring Boot ::        (v2.1.7.RELEASE)

2023-01-16 21:28:09.636  INFO 10524 --- [    Test worker] c.s.s.s.c.s.s.web.PostsApiContollerTest  : Starting PostsApiContollerTest on DESKTOP-A1G72P3 with PID 10524 (started by user in C:\Users\user\IdeaProjects\SpringSample)
2023-01-16 21:28:09.639  INFO 10524 --- [    Test worker] c.s.s.s.c.s.s.web.PostsApiContollerTest  : No active profile set, falling back to default profiles: default
2023-01-16 21:28:11.736  INFO 10524 --- [    Test worker] .s.d.r.c.RepositoryConfigurationDelegate : Bootstrapping Spring Data repositories in DEFAULT mode.
2023-01-16 21:28:11.919  INFO 10524 --- [    Test worker] .s.d.r.c.RepositoryConfigurationDelegate : Finished Spring Data repository scanning in 152ms. Found 1 repository interfaces.
2023-01-16 21:28:12.854  INFO 10524 --- [    Test worker] trationDelegate$BeanPostProcessorChecker : Bean 'org.springframework.transaction.annotation.ProxyTransactionManagementConfiguration' of type [org.springframework.transaction.annotation.ProxyTransactionManagementConfiguration$$EnhancerBySpringCGLIB$$e8d6b26f] is not eligible for getting processed by all BeanPostProcessors (for example: not eligible for auto-proxying)
2023-01-16 21:28:13.935  INFO 10524 --- [    Test worker] o.s.b.w.embedded.tomcat.TomcatWebServer  : Tomcat initialized with port(s): 0 (http)
2023-01-16 21:28:14.020  INFO 10524 --- [    Test worker] o.apache.catalina.core.StandardService   : Starting service [Tomcat]
2023-01-16 21:28:14.021  INFO 10524 --- [    Test worker] org.apache.catalina.core.StandardEngine  : Starting Servlet engine: [Apache Tomcat/9.0.22]
2023-01-16 21:28:14.445  INFO 10524 --- [    Test worker] o.a.c.c.C.[Tomcat].[localhost].[/]       : Initializing Spring embedded WebApplicationContext
2023-01-16 21:28:14.445  INFO 10524 --- [    Test worker] o.s.web.context.ContextLoader            : Root WebApplicationContext: initialization completed in 4758 ms
2023-01-16 21:28:15.074  INFO 10524 --- [    Test worker] com.zaxxer.hikari.HikariDataSource       : HikariPool-1 - Starting...
2023-01-16 21:28:15.487  INFO 10524 --- [    Test worker] com.zaxxer.hikari.HikariDataSource       : HikariPool-1 - Start completed.
2023-01-16 21:28:15.788  INFO 10524 --- [    Test worker] o.hibernate.jpa.internal.util.LogHelper  : HHH000204: Processing PersistenceUnitInfo [
	name: default
	...]
2023-01-16 21:28:16.115  INFO 10524 --- [    Test worker] org.hibernate.Version                    : HHH000412: Hibernate Core {5.3.10.Final}
2023-01-16 21:28:16.121  INFO 10524 --- [    Test worker] org.hibernate.cfg.Environment            : HHH000206: hibernate.properties not found
2023-01-16 21:28:16.681  INFO 10524 --- [    Test worker] o.hibernate.annotations.common.Version   : HCANN000001: Hibernate Commons Annotations {5.0.4.Final}
2023-01-16 21:28:17.181  INFO 10524 --- [    Test worker] org.hibernate.dialect.Dialect            : HHH000400: Using dialect: org.hibernate.dialect.H2Dialect
Hibernate: drop table posts if exists
Hibernate: create table posts (id bigint generated by default as identity, author varchar(255), content TEXT not null, title varchar(500) not null, primary key (id))
2023-01-16 21:28:18.912  INFO 10524 --- [    Test worker] o.h.t.schema.internal.SchemaCreatorImpl  : HHH000476: Executing import script 'org.hibernate.tool.schema.internal.exec.ScriptSourceInputNonExistentImpl@596759b6'
2023-01-16 21:28:18.921  INFO 10524 --- [    Test worker] j.LocalContainerEntityManagerFactoryBean : Initialized JPA EntityManagerFactory for persistence unit 'default'
2023-01-16 21:28:21.292  INFO 10524 --- [    Test worker] o.s.s.concurrent.ThreadPoolTaskExecutor  : Initializing ExecutorService 'applicationTaskExecutor'
2023-01-16 21:28:21.550  WARN 10524 --- [    Test worker] aWebConfiguration$JpaWebMvcConfiguration : spring.jpa.open-in-view is enabled by default. Therefore, database queries may be performed during view rendering. Explicitly configure spring.jpa.open-in-view to disable this warning
2023-01-16 21:28:22.680  INFO 10524 --- [    Test worker] o.s.b.w.embedded.tomcat.TomcatWebServer  : Tomcat started on port(s): 11680 (http) with context path ''
2023-01-16 21:28:22.684  INFO 10524 --- [    Test worker] c.s.s.s.c.s.s.web.PostsApiContollerTest  : Started PostsApiContollerTest in 13.76 seconds (JVM running for 17.13)
Hibernate: insert into posts (id, author, content, title) values (null, ?, ?, ?)
2023-01-16 21:28:23.376  INFO 10524 --- [o-auto-1-exec-1] o.a.c.c.C.[Tomcat].[localhost].[/]       : Initializing Spring DispatcherServlet 'dispatcherServlet'
2023-01-16 21:28:23.376  INFO 10524 --- [o-auto-1-exec-1] o.s.web.servlet.DispatcherServlet        : Initializing Servlet 'dispatcherServlet'
2023-01-16 21:28:23.447  INFO 10524 --- [o-auto-1-exec-1] o.s.web.servlet.DispatcherServlet        : Completed initialization in 71 ms
Hibernate: select posts0_.id as id1_0_0_, posts0_.author as author2_0_0_, posts0_.content as content3_0_0_, posts0_.title as title4_0_0_ from posts posts0_ where posts0_.id=?
Hibernate: update posts set author=?, content=?, title=? where id=?
2023-01-16 21:28:24.098  INFO 10524 --- [    Test worker] o.h.h.i.QueryTranslatorFactoryInitiator  : HHH000397: Using ASTQueryTranslatorFactory
Hibernate: select posts0_.id as id1_0_, posts0_.author as author2_0_, posts0_.content as content3_0_, posts0_.title as title4_0_ from posts posts0_
Hibernate: select posts0_.id as id1_0_, posts0_.author as author2_0_, posts0_.content as content3_0_, posts0_.title as title4_0_ from posts posts0_
Hibernate: delete from posts where id=?
]]></system-out>
  <system-err><![CDATA[]]></system-err>
</testsuite>
